{"/home/rogelio/Code/rutha/service/lib/controllers/users/index.js":{"path":"/home/rogelio/Code/rutha/service/lib/controllers/users/index.js","s":{"1":1,"2":1,"3":1,"4":0,"5":0,"6":1},"b":{},"f":{"1":0},"fnMap":{"1":{"name":"(anonymous_1)","line":4,"loc":{"start":{"line":4,"column":19},"end":{"line":4,"column":51}}}},"statementMap":{"1":{"start":{"line":1,"column":0},"end":{"line":1,"column":38}},"2":{"start":{"line":2,"column":0},"end":{"line":2,"column":46}},"3":{"start":{"line":4,"column":0},"end":{"line":16,"column":2}},"4":{"start":{"line":6,"column":2},"end":{"line":13,"column":5}},"5":{"start":{"line":15,"column":2},"end":{"line":15,"column":9}},"6":{"start":{"line":18,"column":0},"end":{"line":20,"column":2}}},"branchMap":{}},"/home/rogelio/Code/rutha/service/lib/controllers/users/v1/create.js":{"path":"/home/rogelio/Code/rutha/service/lib/controllers/users/v1/create.js","s":{"1":2,"2":2,"3":0,"4":0,"5":0,"6":0,"7":0,"8":0,"9":0},"b":{"1":[0,0]},"f":{"1":0,"2":0},"fnMap":{"1":{"name":"(anonymous_1)","line":4,"loc":{"start":{"line":4,"column":17},"end":{"line":4,"column":42}}},"2":{"name":"(anonymous_2)","line":10,"loc":{"start":{"line":10,"column":7},"end":{"line":10,"column":28}}}},"statementMap":{"1":{"start":{"line":2,"column":0},"end":{"line":2,"column":43}},"2":{"start":{"line":4,"column":0},"end":{"line":18,"column":2}},"3":{"start":{"line":5,"column":4},"end":{"line":5,"column":35}},"4":{"start":{"line":6,"column":4},"end":{"line":6,"column":50}},"5":{"start":{"line":8,"column":4},"end":{"line":16,"column":7}},"6":{"start":{"line":11,"column":6},"end":{"line":13,"column":7}},"7":{"start":{"line":12,"column":8},"end":{"line":12,"column":38}},"8":{"start":{"line":14,"column":6},"end":{"line":14,"column":41}},"9":{"start":{"line":15,"column":6},"end":{"line":15,"column":23}}},"branchMap":{"1":{"line":11,"type":"if","locations":[{"start":{"line":11,"column":6},"end":{"line":11,"column":6}},{"start":{"line":11,"column":6},"end":{"line":11,"column":6}}]}}},"/home/rogelio/Code/rutha/service/lib/hapi/index.js":{"path":"/home/rogelio/Code/rutha/service/lib/hapi/index.js","s":{"1":1,"2":1,"3":1,"4":1,"5":1,"6":0,"7":0,"8":0,"9":0,"10":0,"11":0,"12":0,"13":0,"14":0,"15":0,"16":0,"17":0,"18":0,"19":0,"20":0,"21":0,"22":0,"23":0,"24":0,"25":0,"26":0},"b":{"1":[0,0],"2":[0,0]},"f":{"1":0,"2":0,"3":0,"4":0,"5":0},"fnMap":{"1":{"name":"(anonymous_1)","line":47,"loc":{"start":{"line":47,"column":56},"end":{"line":47,"column":70}}},"2":{"name":"(anonymous_2)","line":50,"loc":{"start":{"line":50,"column":20},"end":{"line":50,"column":46}}},"3":{"name":"(anonymous_3)","line":71,"loc":{"start":{"line":71,"column":15},"end":{"line":71,"column":36}}},"4":{"name":"(anonymous_4)","line":83,"loc":{"start":{"line":83,"column":6},"end":{"line":83,"column":17}}},"5":{"name":"(anonymous_5)","line":85,"loc":{"start":{"line":85,"column":19},"end":{"line":85,"column":31}}}},"statementMap":{"1":{"start":{"line":1,"column":0},"end":{"line":1,"column":27}},"2":{"start":{"line":2,"column":0},"end":{"line":2,"column":41}},"3":{"start":{"line":3,"column":0},"end":{"line":3,"column":40}},"4":{"start":{"line":4,"column":0},"end":{"line":8,"column":3}},"5":{"start":{"line":10,"column":0},"end":{"line":12,"column":3}},"6":{"start":{"line":14,"column":0},"end":{"line":18,"column":3}},"7":{"start":{"line":21,"column":0},"end":{"line":21,"column":108}},"8":{"start":{"line":24,"column":0},"end":{"line":28,"column":2}},"9":{"start":{"line":30,"column":0},"end":{"line":30,"column":51}},"10":{"start":{"line":33,"column":0},"end":{"line":44,"column":2}},"11":{"start":{"line":47,"column":0},"end":{"line":91,"column":3}},"12":{"start":{"line":49,"column":2},"end":{"line":64,"column":5}},"13":{"start":{"line":52,"column":8},"end":{"line":52,"column":28}},"14":{"start":{"line":53,"column":8},"end":{"line":53,"column":43}},"15":{"start":{"line":54,"column":8},"end":{"line":54,"column":23}},"16":{"start":{"line":56,"column":8},"end":{"line":61,"column":9}},"17":{"start":{"line":57,"column":10},"end":{"line":57,"column":25}},"18":{"start":{"line":59,"column":10},"end":{"line":59,"column":29}},"19":{"start":{"line":60,"column":10},"end":{"line":60,"column":42}},"20":{"start":{"line":62,"column":8},"end":{"line":62,"column":51}},"21":{"start":{"line":67,"column":2},"end":{"line":75,"column":5}},"22":{"start":{"line":72,"column":8},"end":{"line":72,"column":20}},"23":{"start":{"line":78,"column":2},"end":{"line":89,"column":5}},"24":{"start":{"line":84,"column":4},"end":{"line":88,"column":5}},"25":{"start":{"line":85,"column":6},"end":{"line":87,"column":9}},"26":{"start":{"line":86,"column":8},"end":{"line":86,"column":66}}},"branchMap":{"1":{"line":56,"type":"if","locations":[{"start":{"line":56,"column":8},"end":{"line":56,"column":8}},{"start":{"line":56,"column":8},"end":{"line":56,"column":8}}]},"2":{"line":84,"type":"if","locations":[{"start":{"line":84,"column":4},"end":{"line":84,"column":4}},{"start":{"line":84,"column":4},"end":{"line":84,"column":4}}]}}},"/home/rogelio/Code/rutha/service/lib/models/user.js":{"path":"/home/rogelio/Code/rutha/service/lib/models/user.js","s":{"1":1,"2":0,"3":0},"b":{},"f":{"1":0},"fnMap":{"1":{"name":"(anonymous_1)","line":1,"loc":{"start":{"line":1,"column":17},"end":{"line":1,"column":36}}}},"statementMap":{"1":{"start":{"line":1,"column":0},"end":{"line":8,"column":2}},"2":{"start":{"line":3,"column":4},"end":{"line":5,"column":7}},"3":{"start":{"line":7,"column":4},"end":{"line":7,"column":33}}},"branchMap":{}}}